<?xml version="1.0" encoding="UTF-8"?>
<testsuite name="com.react.models.CityTest" tests="1" skipped="0" failures="0" errors="0" timestamp="2016-05-22T21:08:34" hostname="LEEML0253703" time="0.0">
  <properties/>
  <testcase name="toString_ShouldReturnCorrectCityNameWhenPassedInConstructor" classname="com.react.models.CityTest" time="0.0"/>
  <system-out><![CDATA[]]></system-out>
  <system-err><![CDATA[]]></system-err>
</testsuite>
